<?xml version="1.0" encoding="UTF-8"?>
<testng-results skipped="4" failed="0" total="4" passed="0">
  <reporter-output>
  </reporter-output>
  <suite name="Default suite" duration-ms="1689" started-at="2017-01-23T17:04:38Z" finished-at="2017-01-23T17:04:40Z">
    <groups>
    </groups>
    <test name="Default test" duration-ms="1689" started-at="2017-01-23T17:04:38Z" finished-at="2017-01-23T17:04:40Z">
      <class name="testcases.TestCreateNewUser">
        <test-method status="FAIL" signature="setUp(java.lang.String)[pri:0, instance:testcases.TestCreateNewUser@6500df86]" name="setUp" is-config="true" duration-ms="0" started-at="2017-01-23T19:04:38Z" finished-at="2017-01-23T19:04:38Z">
          <exception class="org.testng.TestNGException">
            <message>
              <![CDATA[
Parameter 'browser' is required by @Configuration on method setUp but has not been marked @Optional or defined
in C:\Users\Integrant\AppData\Local\Temp\testng-eclipse--585363226\testng-customsuite.xml]]>
            </message>
            <full-stacktrace>
              <![CDATA[org.testng.TestNGException: 
Parameter 'browser' is required by @Configuration on method setUp but has not been marked @Optional or defined
in C:\Users\Integrant\AppData\Local\Temp\testng-eclipse--585363226\testng-customsuite.xml
	at org.testng.internal.Parameters.createParameters(Parameters.java:154)
	at org.testng.internal.Parameters.createParameters(Parameters.java:361)
	at org.testng.internal.Parameters.createConfigurationParameters(Parameters.java:84)
	at org.testng.internal.Invoker.invokeConfigurations(Invoker.java:201)
	at org.testng.internal.Invoker.invokeConfigurations(Invoker.java:142)
	at org.testng.TestRunner.beforeRun(TestRunner.java:656)
	at org.testng.TestRunner.run(TestRunner.java:624)
	at org.testng.SuiteRunner.runTest(SuiteRunner.java:366)
	at org.testng.SuiteRunner.runSequentially(SuiteRunner.java:361)
	at org.testng.SuiteRunner.privateRun(SuiteRunner.java:319)
	at org.testng.SuiteRunner.run(SuiteRunner.java:268)
	at org.testng.SuiteRunnerWorker.runSuite(SuiteRunnerWorker.java:52)
	at org.testng.SuiteRunnerWorker.run(SuiteRunnerWorker.java:86)
	at org.testng.TestNG.runSuitesSequentially(TestNG.java:1244)
	at org.testng.TestNG.runSuitesLocally(TestNG.java:1169)
	at org.testng.TestNG.run(TestNG.java:1064)
	at org.testng.remote.AbstractRemoteTestNG.run(AbstractRemoteTestNG.java:132)
	at org.testng.remote.RemoteTestNG.initAndRun(RemoteTestNG.java:236)
	at org.testng.remote.RemoteTestNG.main(RemoteTestNG.java:81)
]]>
            </full-stacktrace>
          </exception> <!-- org.testng.TestNGException -->
          <reporter-output>
          </reporter-output>
        </test-method> <!-- setUp -->
        <test-method status="SKIP" signature="createNewUser(java.lang.String, java.lang.String, java.lang.String, java.lang.String, java.lang.String, java.lang.String, java.lang.String, java.lang.String, java.lang.String, java.lang.String, java.lang.String, java.lang.String, java.lang.String)[pri:0, instance:testcases.TestCreateNewUser@6500df86]" name="createNewUser" duration-ms="9" started-at="2017-01-23T19:04:40Z" data-provider="NewUsers" finished-at="2017-01-23T19:04:40Z">
          <params>
            <param index="0">
              <value>
                <![CDATA[Female]]>
              </value>
            </param>
            <param index="1">
              <value>
                <![CDATA[fname2]]>
              </value>
            </param>
            <param index="2">
              <value>
                <![CDATA[lname2]]>
              </value>
            </param>
            <param index="3">
              <value>
                <![CDATA[testaddress]]>
              </value>
            </param>
            <param index="4">
              <value>
                <![CDATA[san diago]]>
              </value>
            </param>
            <param index="5">
              <value>
                <![CDATA[CaL]]>
              </value>
            </param>
            <param index="6">
              <value>
                <![CDATA[1025.0]]>
              </value>
            </param>
            <param index="7">
              <value>
                <![CDATA[Egypt]]>
              </value>
            </param>
            <param index="8">
              <value>
                <![CDATA[1.0215488751E10]]>
              </value>
            </param>
            <param index="9">
              <value>
                <![CDATA[09/23/1985]]>
              </value>
            </param>
            <param index="10">
              <value>
                <![CDATA[mtest2@test.com]]>
              </value>
            </param>
            <param index="11">
              <value>
                <![CDATA[P@ssw0rd]]>
              </value>
            </param>
            <param index="12">
              <value>
                <![CDATA[P@ssw0rd]]>
              </value>
            </param>
          </params>
          <reporter-output>
          </reporter-output>
        </test-method> <!-- createNewUser -->
        <test-method status="SKIP" signature="failedTestCases(org.testng.ITestResult)[pri:0, instance:testcases.TestCreateNewUser@6500df86]" name="failedTestCases" is-config="true" duration-ms="0" started-at="2017-01-23T19:04:40Z" finished-at="2017-01-23T19:04:40Z">
          <reporter-output>
          </reporter-output>
        </test-method> <!-- failedTestCases -->
        <test-method status="SKIP" signature="createNewUser(java.lang.String, java.lang.String, java.lang.String, java.lang.String, java.lang.String, java.lang.String, java.lang.String, java.lang.String, java.lang.String, java.lang.String, java.lang.String, java.lang.String, java.lang.String)[pri:0, instance:testcases.TestCreateNewUser@6500df86]" name="createNewUser" duration-ms="2" started-at="2017-01-23T19:04:40Z" data-provider="NewUsers" finished-at="2017-01-23T19:04:40Z">
          <params>
            <param index="0">
              <value>
                <![CDATA[male]]>
              </value>
            </param>
            <param index="1">
              <value>
                <![CDATA[ftestname3]]>
              </value>
            </param>
            <param index="2">
              <value>
                <![CDATA[ltestname3]]>
              </value>
            </param>
            <param index="3">
              <value>
                <![CDATA[testaddress]]>
              </value>
            </param>
            <param index="4">
              <value>
                <![CDATA[san diago]]>
              </value>
            </param>
            <param index="5">
              <value>
                <![CDATA[CaL]]>
              </value>
            </param>
            <param index="6">
              <value>
                <![CDATA[1025.0]]>
              </value>
            </param>
            <param index="7">
              <value>
                <![CDATA[Egypt]]>
              </value>
            </param>
            <param index="8">
              <value>
                <![CDATA[1.0215488751E10]]>
              </value>
            </param>
            <param index="9">
              <value>
                <![CDATA[09/23/1985]]>
              </value>
            </param>
            <param index="10">
              <value>
                <![CDATA[mtest3@test.com]]>
              </value>
            </param>
            <param index="11">
              <value>
                <![CDATA[P@ssw0rd]]>
              </value>
            </param>
            <param index="12">
              <value>
                <![CDATA[P@ssw0rd]]>
              </value>
            </param>
          </params>
          <reporter-output>
          </reporter-output>
        </test-method> <!-- createNewUser -->
        <test-method status="SKIP" signature="failedTestCases(org.testng.ITestResult)[pri:0, instance:testcases.TestCreateNewUser@6500df86]" name="failedTestCases" is-config="true" duration-ms="0" started-at="2017-01-23T19:04:40Z" finished-at="2017-01-23T19:04:40Z">
          <reporter-output>
          </reporter-output>
        </test-method> <!-- failedTestCases -->
        <test-method status="SKIP" signature="createNewUser(java.lang.String, java.lang.String, java.lang.String, java.lang.String, java.lang.String, java.lang.String, java.lang.String, java.lang.String, java.lang.String, java.lang.String, java.lang.String, java.lang.String, java.lang.String)[pri:0, instance:testcases.TestCreateNewUser@6500df86]" name="createNewUser" duration-ms="2" started-at="2017-01-23T19:04:40Z" data-provider="NewUsers" finished-at="2017-01-23T19:04:40Z">
          <params>
            <param index="0">
              <value>
                <![CDATA[Female]]>
              </value>
            </param>
            <param index="1">
              <value>
                <![CDATA[fname4]]>
              </value>
            </param>
            <param index="2">
              <value>
                <![CDATA[lname4]]>
              </value>
            </param>
            <param index="3">
              <value>
                <![CDATA[testaddress]]>
              </value>
            </param>
            <param index="4">
              <value>
                <![CDATA[san diago]]>
              </value>
            </param>
            <param index="5">
              <value>
                <![CDATA[CaL]]>
              </value>
            </param>
            <param index="6">
              <value>
                <![CDATA[1025.0]]>
              </value>
            </param>
            <param index="7">
              <value>
                <![CDATA[Egypt]]>
              </value>
            </param>
            <param index="8">
              <value>
                <![CDATA[1.0215488751E10]]>
              </value>
            </param>
            <param index="9">
              <value>
                <![CDATA[09/23/1985]]>
              </value>
            </param>
            <param index="10">
              <value>
                <![CDATA[mtest4@test.com]]>
              </value>
            </param>
            <param index="11">
              <value>
                <![CDATA[P@ssw0rd]]>
              </value>
            </param>
            <param index="12">
              <value>
                <![CDATA[P@ssw0rd]]>
              </value>
            </param>
          </params>
          <reporter-output>
          </reporter-output>
        </test-method> <!-- createNewUser -->
        <test-method status="SKIP" signature="failedTestCases(org.testng.ITestResult)[pri:0, instance:testcases.TestCreateNewUser@6500df86]" name="failedTestCases" is-config="true" duration-ms="0" started-at="2017-01-23T19:04:40Z" finished-at="2017-01-23T19:04:40Z">
          <reporter-output>
          </reporter-output>
        </test-method> <!-- failedTestCases -->
        <test-method status="SKIP" signature="createNewUser(java.lang.String, java.lang.String, java.lang.String, java.lang.String, java.lang.String, java.lang.String, java.lang.String, java.lang.String, java.lang.String, java.lang.String, java.lang.String, java.lang.String, java.lang.String)[pri:0, instance:testcases.TestCreateNewUser@6500df86]" name="createNewUser" duration-ms="2" started-at="2017-01-23T19:04:40Z" data-provider="NewUsers" finished-at="2017-01-23T19:04:40Z">
          <params>
            <param index="0">
              <value>
                <![CDATA[male]]>
              </value>
            </param>
            <param index="1">
              <value>
                <![CDATA[ftestname]]>
              </value>
            </param>
            <param index="2">
              <value>
                <![CDATA[ltestname]]>
              </value>
            </param>
            <param index="3">
              <value>
                <![CDATA[testaddress]]>
              </value>
            </param>
            <param index="4">
              <value>
                <![CDATA[san diago]]>
              </value>
            </param>
            <param index="5">
              <value>
                <![CDATA[CaL]]>
              </value>
            </param>
            <param index="6">
              <value>
                <![CDATA[1025.0]]>
              </value>
            </param>
            <param index="7">
              <value>
                <![CDATA[Egypt]]>
              </value>
            </param>
            <param index="8">
              <value>
                <![CDATA[1.0215488751E10]]>
              </value>
            </param>
            <param index="9">
              <value>
                <![CDATA[09/23/1985]]>
              </value>
            </param>
            <param index="10">
              <value>
                <![CDATA[mtest1@test.com]]>
              </value>
            </param>
            <param index="11">
              <value>
                <![CDATA[P@ssw0rd]]>
              </value>
            </param>
            <param index="12">
              <value>
                <![CDATA[P@ssw0rd]]>
              </value>
            </param>
          </params>
          <reporter-output>
          </reporter-output>
        </test-method> <!-- createNewUser -->
        <test-method status="SKIP" signature="failedTestCases(org.testng.ITestResult)[pri:0, instance:testcases.TestCreateNewUser@6500df86]" name="failedTestCases" is-config="true" duration-ms="0" started-at="2017-01-23T19:04:40Z" finished-at="2017-01-23T19:04:40Z">
          <reporter-output>
          </reporter-output>
        </test-method> <!-- failedTestCases -->
        <test-method status="SKIP" signature="teardown()[pri:0, instance:testcases.TestCreateNewUser@6500df86]" name="teardown" is-config="true" duration-ms="0" started-at="2017-01-23T19:04:40Z" finished-at="2017-01-23T19:04:40Z">
          <reporter-output>
          </reporter-output>
        </test-method> <!-- teardown -->
      </class> <!-- testcases.TestCreateNewUser -->
    </test> <!-- Default test -->
  </suite> <!-- Default suite -->
</testng-results>
